数据检验 @ ItemRef...OK
数据检验 @ RideRewardRef...OK
数据检验 @ MGXiLianDataRef...OK
数据检验 @ SkillRef...OK
数据检验 @ UnPropsItemRef...OK
数据检验 @ SceneRef...OK
数据检验 @ SceneActivityRef...OK
数据检验 @ QuickRechargeRef...OK
数据检验 @ MonsterRef...OK
数据检验 @ MGPlayerWingRef...OK
数据检验 @ PlayerProfessionRef...OK
数据检验 @ LimitTimeRankRef...OK
数据检验 @ MGDigsDataConfig...OK
数据检验 @ SignRef...OK
数据检验 @ NpcRef...OK
数据检验 @ FundRef...OK
数据检验 @ MGVipLotteryDataConfig...OK
数据检验 @ MGScenePKDropRef...OK
数据检验 @ MallItemRef...OK
数据检验 @ MGVipLevelDataRef...OK
数据检验 @ MGFightSpriteBuffRef...OK
数据检验 @ MGSectionQuestRef...OK
数据检验 @ DiscountRef...OK
数据检验 @ SystemPromptConfigRef...OK
数据检验 @ MGFenJieEquipmentConfig...OK
数据检验 @ LevelUpRewardRef...OK
FunStepDataRef 没有执行数据检验! 没有对应的数据检查器!
数据检验 @ OfflineAIMapRef...OK
数据检验 @ MGPlayerAchievementRef...OK
数据检验 @ MGGiftBagConfig...OK
数据检验 @ MGGiftCodeDataTypeRef...OK
数据检验 @ MGMedalConfig...OK
数据检验 @ MonsterDropRef...OK
数据检验 @ PluckRef...OK
数据检验 @ MGOldPlayerDataRef...OK
数据检验 @ MGResDownLoadDataRef...OK
数据检验 @ ShopItemRef...OK
数据检验 @ OperatActivityRef...OK
数据检验 @ MGCittaRef...OK
数据检验 @ WorldBossMsgRef...OK
数据检验 @ QuestRef...OK
数据检验 @ MGPeerageRef...OK
数据检验 @ GameInstanceRef...OK
数据检验 @ MGQiangHuaEquipmentConfig...OK
数据检验 @ HighestEquipmentRef...OK
数据检验 @ RankBeginEndTimeRef...OK
数据检验 @ MountRef...OK
数据检验 @ OnlineRef...OK
数据检验 @ GameConstantRef...OK
数据检验 @ UnionGameInstanceRef...OK
数据检验 @ MonsterInvasionScrollRef...OK
数据检验 @ MGDailyQuestRef...OK
数据检验 @ MGTalismanDataConfig...OK
数据检验 @ ArenaRewardRef...OK
完成数据校验
